<?xml version="1.0" encoding="UTF-8"?>
<!-- Generated by org.testng.reporters.JUnitReportReporter -->
<testsuite skipped="0" hostname="P0766" name="com.regression.HelloWorldTest" tests="1" failures="0" timestamp="01 5 2018 10:13:39 GMT" time="6.094" errors="0">
  <testcase name="testHelloWorld" time="6.094" classname="com.regression.HelloWorldTest"/>
</testsuite> <!-- com.regression.HelloWorldTest -->
