<?xml version="1.0" encoding="UTF-8"?>
<!-- Generated by org.testng.reporters.JUnitReportReporter -->
<testsuite skipped="0" hostname="P0766" name="prototype.regression.PrototypeTest" tests="1" failures="0" timestamp="10 7 2018 12:13:58 GMT" time="6.323" errors="0">
  <testcase name="helloWorldTest" time="6.323" classname="prototype.regression.PrototypeTest"/>
</testsuite> <!-- prototype.regression.PrototypeTest -->
