<?xml version="1.0" encoding="UTF-8"?>
<!-- Generated by org.testng.reporters.JUnitReportReporter -->
<testsuite skipped="0" hostname="P0766" name="prototype.regression.PrototypeTest" tests="1" failures="0" timestamp="02 7 2018 15:51:28 GMT" time="4.282" errors="0">
  <testcase name="helloWorldTest" time="4.282" classname="prototype.regression.PrototypeTest"/>
</testsuite> <!-- prototype.regression.PrototypeTest -->
